<?xml version="1.0" encoding="UTF-8"?>
<testsuite xmlns:xsi="http://www.w3.org/2001/XMLSchema-instance" xsi:noNamespaceSchemaLocation="https://maven.apache.org/surefire/maven-surefire-plugin/xsd/surefire-test-report-3.0.xsd" version="3.0" name="com.shopping.productservice.ProductServiceApplicationTests" time="6.436" tests="2" errors="0" skipped="0" failures="0">
  <properties>
    <property name="java.specification.version" value="19"/>
    <property name="sun.jnu.encoding" value="UTF-8"/>
    <property name="java.class.path" value="/Users/nagaanveshkunuguntla/Desktop/JavaProjects/EcomShopping-Microservices/product-service/target/test-classes:/Users/nagaanveshkunuguntla/Desktop/JavaProjects/EcomShopping-Microservices/product-service/target/classes:/Users/nagaanveshkunuguntla/.m2/repository/org/springframework/boot/spring-boot-starter-data-mongodb/3.2.0/spring-boot-starter-data-mongodb-3.2.0.jar:/Users/nagaanveshkunuguntla/.m2/repository/org/springframework/boot/spring-boot-starter/3.2.0/spring-boot-starter-3.2.0.jar:/Users/nagaanveshkunuguntla/.m2/repository/org/springframework/boot/spring-boot/3.2.0/spring-boot-3.2.0.jar:/Users/nagaanveshkunuguntla/.m2/repository/org/springframework/boot/spring-boot-autoconfigure/3.2.0/spring-boot-autoconfigure-3.2.0.jar:/Users/nagaanveshkunuguntla/.m2/repository/org/springframework/boot/spring-boot-starter-logging/3.2.0/spring-boot-starter-logging-3.2.0.jar:/Users/nagaanveshkunuguntla/.m2/repository/ch/qos/logback/logback-classic/1.4.11/logback-classic-1.4.11.jar:/Users/nagaanveshkunuguntla/.m2/repository/ch/qos/logback/logback-core/1.4.11/logback-core-1.4.11.jar:/Users/nagaanveshkunuguntla/.m2/repository/org/apache/logging/log4j/log4j-to-slf4j/2.21.1/log4j-to-slf4j-2.21.1.jar:/Users/nagaanveshkunuguntla/.m2/repository/org/apache/logging/log4j/log4j-api/2.21.1/log4j-api-2.21.1.jar:/Users/nagaanveshkunuguntla/.m2/repository/org/slf4j/jul-to-slf4j/2.0.9/jul-to-slf4j-2.0.9.jar:/Users/nagaanveshkunuguntla/.m2/repository/jakarta/annotation/jakarta.annotation-api/2.1.1/jakarta.annotation-api-2.1.1.jar:/Users/nagaanveshkunuguntla/.m2/repository/org/yaml/snakeyaml/2.2/snakeyaml-2.2.jar:/Users/nagaanveshkunuguntla/.m2/repository/org/mongodb/mongodb-driver-sync/4.11.1/mongodb-driver-sync-4.11.1.jar:/Users/nagaanveshkunuguntla/.m2/repository/org/mongodb/bson/4.11.1/bson-4.11.1.jar:/Users/nagaanveshkunuguntla/.m2/repository/org/mongodb/mongodb-driver-core/4.11.1/mongodb-driver-core-4.11.1.jar:/Users/nagaanveshkunuguntla/.m2/repository/org/mongodb/bson-record-codec/4.11.1/bson-record-codec-4.11.1.jar:/Users/nagaanveshkunuguntla/.m2/repository/org/springframework/data/spring-data-mongodb/4.2.0/spring-data-mongodb-4.2.0.jar:/Users/nagaanveshkunuguntla/.m2/repository/org/springframework/spring-tx/6.1.1/spring-tx-6.1.1.jar:/Users/nagaanveshkunuguntla/.m2/repository/org/springframework/spring-context/6.1.1/spring-context-6.1.1.jar:/Users/nagaanveshkunuguntla/.m2/repository/org/springframework/spring-beans/6.1.1/spring-beans-6.1.1.jar:/Users/nagaanveshkunuguntla/.m2/repository/org/springframework/spring-expression/6.1.1/spring-expression-6.1.1.jar:/Users/nagaanveshkunuguntla/.m2/repository/org/springframework/data/spring-data-commons/3.2.0/spring-data-commons-3.2.0.jar:/Users/nagaanveshkunuguntla/.m2/repository/org/slf4j/slf4j-api/2.0.9/slf4j-api-2.0.9.jar:/Users/nagaanveshkunuguntla/.m2/repository/org/springframework/boot/spring-boot-starter-web/3.2.0/spring-boot-starter-web-3.2.0.jar:/Users/nagaanveshkunuguntla/.m2/repository/org/springframework/boot/spring-boot-starter-json/3.2.0/spring-boot-starter-json-3.2.0.jar:/Users/nagaanveshkunuguntla/.m2/repository/com/fasterxml/jackson/core/jackson-databind/2.15.3/jackson-databind-2.15.3.jar:/Users/nagaanveshkunuguntla/.m2/repository/com/fasterxml/jackson/datatype/jackson-datatype-jdk8/2.15.3/jackson-datatype-jdk8-2.15.3.jar:/Users/nagaanveshkunuguntla/.m2/repository/com/fasterxml/jackson/datatype/jackson-datatype-jsr310/2.15.3/jackson-datatype-jsr310-2.15.3.jar:/Users/nagaanveshkunuguntla/.m2/repository/com/fasterxml/jackson/module/jackson-module-parameter-names/2.15.3/jackson-module-parameter-names-2.15.3.jar:/Users/nagaanveshkunuguntla/.m2/repository/org/springframework/boot/spring-boot-starter-tomcat/3.2.0/spring-boot-starter-tomcat-3.2.0.jar:/Users/nagaanveshkunuguntla/.m2/repository/org/apache/tomcat/embed/tomcat-embed-core/10.1.16/tomcat-embed-core-10.1.16.jar:/Users/nagaanveshkunuguntla/.m2/repository/org/apache/tomcat/embed/tomcat-embed-el/10.1.16/tomcat-embed-el-10.1.16.jar:/Users/nagaanveshkunuguntla/.m2/repository/org/apache/tomcat/embed/tomcat-embed-websocket/10.1.16/tomcat-embed-websocket-10.1.16.jar:/Users/nagaanveshkunuguntla/.m2/repository/org/springframework/spring-web/6.1.1/spring-web-6.1.1.jar:/Users/nagaanveshkunuguntla/.m2/repository/io/micrometer/micrometer-observation/1.12.0/micrometer-observation-1.12.0.jar:/Users/nagaanveshkunuguntla/.m2/repository/io/micrometer/micrometer-commons/1.12.0/micrometer-commons-1.12.0.jar:/Users/nagaanveshkunuguntla/.m2/repository/org/springframework/spring-webmvc/6.1.1/spring-webmvc-6.1.1.jar:/Users/nagaanveshkunuguntla/.m2/repository/org/springframework/spring-aop/6.1.1/spring-aop-6.1.1.jar:/Users/nagaanveshkunuguntla/.m2/repository/org/projectlombok/lombok/1.18.30/lombok-1.18.30.jar:/Users/nagaanveshkunuguntla/.m2/repository/org/springframework/boot/spring-boot-starter-test/3.2.0/spring-boot-starter-test-3.2.0.jar:/Users/nagaanveshkunuguntla/.m2/repository/org/springframework/boot/spring-boot-test/3.2.0/spring-boot-test-3.2.0.jar:/Users/nagaanveshkunuguntla/.m2/repository/org/springframework/boot/spring-boot-test-autoconfigure/3.2.0/spring-boot-test-autoconfigure-3.2.0.jar:/Users/nagaanveshkunuguntla/.m2/repository/com/jayway/jsonpath/json-path/2.8.0/json-path-2.8.0.jar:/Users/nagaanveshkunuguntla/.m2/repository/jakarta/xml/bind/jakarta.xml.bind-api/4.0.1/jakarta.xml.bind-api-4.0.1.jar:/Users/nagaanveshkunuguntla/.m2/repository/jakarta/activation/jakarta.activation-api/2.1.2/jakarta.activation-api-2.1.2.jar:/Users/nagaanveshkunuguntla/.m2/repository/net/minidev/json-smart/2.5.0/json-smart-2.5.0.jar:/Users/nagaanveshkunuguntla/.m2/repository/net/minidev/accessors-smart/2.5.0/accessors-smart-2.5.0.jar:/Users/nagaanveshkunuguntla/.m2/repository/org/ow2/asm/asm/9.3/asm-9.3.jar:/Users/nagaanveshkunuguntla/.m2/repository/org/assertj/assertj-core/3.24.2/assertj-core-3.24.2.jar:/Users/nagaanveshkunuguntla/.m2/repository/net/bytebuddy/byte-buddy/1.14.10/byte-buddy-1.14.10.jar:/Users/nagaanveshkunuguntla/.m2/repository/org/awaitility/awaitility/4.2.0/awaitility-4.2.0.jar:/Users/nagaanveshkunuguntla/.m2/repository/org/hamcrest/hamcrest/2.2/hamcrest-2.2.jar:/Users/nagaanveshkunuguntla/.m2/repository/org/junit/jupiter/junit-jupiter/5.10.1/junit-jupiter-5.10.1.jar:/Users/nagaanveshkunuguntla/.m2/repository/org/junit/jupiter/junit-jupiter-api/5.10.1/junit-jupiter-api-5.10.1.jar:/Users/nagaanveshkunuguntla/.m2/repository/org/opentest4j/opentest4j/1.3.0/opentest4j-1.3.0.jar:/Users/nagaanveshkunuguntla/.m2/repository/org/junit/platform/junit-platform-commons/1.10.1/junit-platform-commons-1.10.1.jar:/Users/nagaanveshkunuguntla/.m2/repository/org/apiguardian/apiguardian-api/1.1.2/apiguardian-api-1.1.2.jar:/Users/nagaanveshkunuguntla/.m2/repository/org/junit/jupiter/junit-jupiter-params/5.10.1/junit-jupiter-params-5.10.1.jar:/Users/nagaanveshkunuguntla/.m2/repository/org/junit/jupiter/junit-jupiter-engine/5.10.1/junit-jupiter-engine-5.10.1.jar:/Users/nagaanveshkunuguntla/.m2/repository/org/junit/platform/junit-platform-engine/1.10.1/junit-platform-engine-1.10.1.jar:/Users/nagaanveshkunuguntla/.m2/repository/org/mockito/mockito-core/5.7.0/mockito-core-5.7.0.jar:/Users/nagaanveshkunuguntla/.m2/repository/net/bytebuddy/byte-buddy-agent/1.14.10/byte-buddy-agent-1.14.10.jar:/Users/nagaanveshkunuguntla/.m2/repository/org/objenesis/objenesis/3.3/objenesis-3.3.jar:/Users/nagaanveshkunuguntla/.m2/repository/org/mockito/mockito-junit-jupiter/5.7.0/mockito-junit-jupiter-5.7.0.jar:/Users/nagaanveshkunuguntla/.m2/repository/org/skyscreamer/jsonassert/1.5.1/jsonassert-1.5.1.jar:/Users/nagaanveshkunuguntla/.m2/repository/com/vaadin/external/google/android-json/0.0.20131108.vaadin1/android-json-0.0.20131108.vaadin1.jar:/Users/nagaanveshkunuguntla/.m2/repository/org/springframework/spring-core/6.1.1/spring-core-6.1.1.jar:/Users/nagaanveshkunuguntla/.m2/repository/org/springframework/spring-jcl/6.1.1/spring-jcl-6.1.1.jar:/Users/nagaanveshkunuguntla/.m2/repository/org/springframework/spring-test/6.1.1/spring-test-6.1.1.jar:/Users/nagaanveshkunuguntla/.m2/repository/org/xmlunit/xmlunit-core/2.9.1/xmlunit-core-2.9.1.jar:/Users/nagaanveshkunuguntla/.m2/repository/org/testcontainers/junit-jupiter/1.19.3/junit-jupiter-1.19.3.jar:/Users/nagaanveshkunuguntla/.m2/repository/org/testcontainers/testcontainers/1.19.3/testcontainers-1.19.3.jar:/Users/nagaanveshkunuguntla/.m2/repository/junit/junit/4.13.2/junit-4.13.2.jar:/Users/nagaanveshkunuguntla/.m2/repository/org/hamcrest/hamcrest-core/2.2/hamcrest-core-2.2.jar:/Users/nagaanveshkunuguntla/.m2/repository/org/apache/commons/commons-compress/1.24.0/commons-compress-1.24.0.jar:/Users/nagaanveshkunuguntla/.m2/repository/org/rnorth/duct-tape/duct-tape/1.0.8/duct-tape-1.0.8.jar:/Users/nagaanveshkunuguntla/.m2/repository/org/jetbrains/annotations/17.0.0/annotations-17.0.0.jar:/Users/nagaanveshkunuguntla/.m2/repository/com/github/docker-java/docker-java-api/3.3.4/docker-java-api-3.3.4.jar:/Users/nagaanveshkunuguntla/.m2/repository/com/github/docker-java/docker-java-transport-zerodep/3.3.4/docker-java-transport-zerodep-3.3.4.jar:/Users/nagaanveshkunuguntla/.m2/repository/com/github/docker-java/docker-java-transport/3.3.4/docker-java-transport-3.3.4.jar:/Users/nagaanveshkunuguntla/.m2/repository/net/java/dev/jna/jna/5.13.0/jna-5.13.0.jar:/Users/nagaanveshkunuguntla/.m2/repository/org/testcontainers/mongodb/1.19.3/mongodb-1.19.3.jar:/Users/nagaanveshkunuguntla/.m2/repository/org/springframework/cloud/spring-cloud-starter-netflix-eureka-client/3.1.2/spring-cloud-starter-netflix-eureka-client-3.1.2.jar:/Users/nagaanveshkunuguntla/.m2/repository/org/springframework/cloud/spring-cloud-starter/3.1.2/spring-cloud-starter-3.1.2.jar:/Users/nagaanveshkunuguntla/.m2/repository/org/springframework/cloud/spring-cloud-context/3.1.2/spring-cloud-context-3.1.2.jar:/Users/nagaanveshkunuguntla/.m2/repository/org/springframework/security/spring-security-crypto/6.2.0/spring-security-crypto-6.2.0.jar:/Users/nagaanveshkunuguntla/.m2/repository/org/springframework/cloud/spring-cloud-commons/3.1.2/spring-cloud-commons-3.1.2.jar:/Users/nagaanveshkunuguntla/.m2/repository/org/springframework/security/spring-security-rsa/1.0.10.RELEASE/spring-security-rsa-1.0.10.RELEASE.jar:/Users/nagaanveshkunuguntla/.m2/repository/org/bouncycastle/bcpkix-jdk15on/1.68/bcpkix-jdk15on-1.68.jar:/Users/nagaanveshkunuguntla/.m2/repository/org/bouncycastle/bcprov-jdk15on/1.68/bcprov-jdk15on-1.68.jar:/Users/nagaanveshkunuguntla/.m2/repository/org/springframework/cloud/spring-cloud-netflix-eureka-client/3.1.2/spring-cloud-netflix-eureka-client-3.1.2.jar:/Users/nagaanveshkunuguntla/.m2/repository/com/netflix/eureka/eureka-client/1.10.17/eureka-client-1.10.17.jar:/Users/nagaanveshkunuguntla/.m2/repository/com/netflix/netflix-commons/netflix-eventbus/0.3.0/netflix-eventbus-0.3.0.jar:/Users/nagaanveshkunuguntla/.m2/repository/com/netflix/netflix-commons/netflix-infix/0.3.0/netflix-infix-0.3.0.jar:/Users/nagaanveshkunuguntla/.m2/repository/commons-jxpath/commons-jxpath/1.3/commons-jxpath-1.3.jar:/Users/nagaanveshkunuguntla/.m2/repository/joda-time/joda-time/2.3/joda-time-2.3.jar:/Users/nagaanveshkunuguntla/.m2/repository/org/antlr/antlr-runtime/3.4/antlr-runtime-3.4.jar:/Users/nagaanveshkunuguntla/.m2/repository/org/antlr/stringtemplate/3.2.1/stringtemplate-3.2.1.jar:/Users/nagaanveshkunuguntla/.m2/repository/antlr/antlr/2.7.7/antlr-2.7.7.jar:/Users/nagaanveshkunuguntla/.m2/repository/com/google/code/gson/gson/2.10.1/gson-2.10.1.jar:/Users/nagaanveshkunuguntla/.m2/repository/org/apache/commons/commons-math/2.2/commons-math-2.2.jar:/Users/nagaanveshkunuguntla/.m2/repository/com/thoughtworks/xstream/xstream/1.4.18/xstream-1.4.18.jar:/Users/nagaanveshkunuguntla/.m2/repository/io/github/x-stream/mxparser/1.2.2/mxparser-1.2.2.jar:/Users/nagaanveshkunuguntla/.m2/repository/xmlpull/xmlpull/1.1.3.1/xmlpull-1.1.3.1.jar:/Users/nagaanveshkunuguntla/.m2/repository/javax/ws/rs/jsr311-api/1.1.1/jsr311-api-1.1.1.jar:/Users/nagaanveshkunuguntla/.m2/repository/com/netflix/servo/servo-core/0.12.21/servo-core-0.12.21.jar:/Users/nagaanveshkunuguntla/.m2/repository/com/google/guava/guava/19.0/guava-19.0.jar:/Users/nagaanveshkunuguntla/.m2/repository/org/apache/httpcomponents/httpclient/4.5.3/httpclient-4.5.3.jar:/Users/nagaanveshkunuguntla/.m2/repository/org/apache/httpcomponents/httpcore/4.4.16/httpcore-4.4.16.jar:/Users/nagaanveshkunuguntla/.m2/repository/commons-codec/commons-codec/1.16.0/commons-codec-1.16.0.jar:/Users/nagaanveshkunuguntla/.m2/repository/commons-configuration/commons-configuration/1.10/commons-configuration-1.10.jar:/Users/nagaanveshkunuguntla/.m2/repository/commons-lang/commons-lang/2.6/commons-lang-2.6.jar:/Users/nagaanveshkunuguntla/.m2/repository/com/google/inject/guice/4.1.0/guice-4.1.0.jar:/Users/nagaanveshkunuguntla/.m2/repository/javax/inject/javax.inject/1/javax.inject-1.jar:/Users/nagaanveshkunuguntla/.m2/repository/com/fasterxml/jackson/core/jackson-annotations/2.15.3/jackson-annotations-2.15.3.jar:/Users/nagaanveshkunuguntla/.m2/repository/com/fasterxml/jackson/core/jackson-core/2.15.3/jackson-core-2.15.3.jar:/Users/nagaanveshkunuguntla/.m2/repository/org/codehaus/jettison/jettison/1.4.0/jettison-1.4.0.jar:/Users/nagaanveshkunuguntla/.m2/repository/com/netflix/eureka/eureka-core/1.10.17/eureka-core-1.10.17.jar:/Users/nagaanveshkunuguntla/.m2/repository/com/fasterxml/woodstox/woodstox-core/6.2.1/woodstox-core-6.2.1.jar:/Users/nagaanveshkunuguntla/.m2/repository/org/codehaus/woodstox/stax2-api/4.2.1/stax2-api-4.2.1.jar:/Users/nagaanveshkunuguntla/.m2/repository/org/springframework/cloud/spring-cloud-starter-loadbalancer/3.1.2/spring-cloud-starter-loadbalancer-3.1.2.jar:/Users/nagaanveshkunuguntla/.m2/repository/org/springframework/cloud/spring-cloud-loadbalancer/3.1.2/spring-cloud-loadbalancer-3.1.2.jar:/Users/nagaanveshkunuguntla/.m2/repository/io/projectreactor/reactor-core/3.6.0/reactor-core-3.6.0.jar:/Users/nagaanveshkunuguntla/.m2/repository/org/reactivestreams/reactive-streams/1.0.4/reactive-streams-1.0.4.jar:/Users/nagaanveshkunuguntla/.m2/repository/io/projectreactor/addons/reactor-extra/3.5.1/reactor-extra-3.5.1.jar:/Users/nagaanveshkunuguntla/.m2/repository/org/springframework/boot/spring-boot-starter-cache/3.2.0/spring-boot-starter-cache-3.2.0.jar:/Users/nagaanveshkunuguntla/.m2/repository/org/springframework/spring-context-support/6.1.1/spring-context-support-6.1.1.jar:/Users/nagaanveshkunuguntla/.m2/repository/com/stoyanr/evictor/1.0.0/evictor-1.0.0.jar:"/>
    <property name="java.vm.vendor" value="Oracle Corporation"/>
    <property name="sun.arch.data.model" value="64"/>
    <property name="java.vendor.url" value="https://java.oracle.com/"/>
    <property name="user.timezone" value="America/Los_Angeles"/>
    <property name="os.name" value="Mac OS X"/>
    <property name="java.vm.specification.version" value="19"/>
    <property name="sun.java.launcher" value="SUN_STANDARD"/>
    <property name="user.country" value="US"/>
    <property name="sun.boot.library.path" value="/Users/nagaanveshkunuguntla/Library/Java/JavaVirtualMachines/openjdk-19.0.1/Contents/Home/lib"/>
    <property name="sun.java.command" value="/Users/nagaanveshkunuguntla/Desktop/JavaProjects/EcomShopping-Microservices/product-service/target/surefire/surefirebooter-20231205163343204_11.jar /Users/nagaanveshkunuguntla/Desktop/JavaProjects/EcomShopping-Microservices/product-service/target/surefire 2023-12-05T16-33-35_434-jvmRun1 surefire-20231205163343204_9tmp surefire_2-20231205163343204_10tmp"/>
    <property name="http.nonProxyHosts" value="local|*.local|169.254/16|*.169.254/16"/>
    <property name="jdk.debug" value="release"/>
    <property name="surefire.test.class.path" value="/Users/nagaanveshkunuguntla/Desktop/JavaProjects/EcomShopping-Microservices/product-service/target/test-classes:/Users/nagaanveshkunuguntla/Desktop/JavaProjects/EcomShopping-Microservices/product-service/target/classes:/Users/nagaanveshkunuguntla/.m2/repository/org/springframework/boot/spring-boot-starter-data-mongodb/3.2.0/spring-boot-starter-data-mongodb-3.2.0.jar:/Users/nagaanveshkunuguntla/.m2/repository/org/springframework/boot/spring-boot-starter/3.2.0/spring-boot-starter-3.2.0.jar:/Users/nagaanveshkunuguntla/.m2/repository/org/springframework/boot/spring-boot/3.2.0/spring-boot-3.2.0.jar:/Users/nagaanveshkunuguntla/.m2/repository/org/springframework/boot/spring-boot-autoconfigure/3.2.0/spring-boot-autoconfigure-3.2.0.jar:/Users/nagaanveshkunuguntla/.m2/repository/org/springframework/boot/spring-boot-starter-logging/3.2.0/spring-boot-starter-logging-3.2.0.jar:/Users/nagaanveshkunuguntla/.m2/repository/ch/qos/logback/logback-classic/1.4.11/logback-classic-1.4.11.jar:/Users/nagaanveshkunuguntla/.m2/repository/ch/qos/logback/logback-core/1.4.11/logback-core-1.4.11.jar:/Users/nagaanveshkunuguntla/.m2/repository/org/apache/logging/log4j/log4j-to-slf4j/2.21.1/log4j-to-slf4j-2.21.1.jar:/Users/nagaanveshkunuguntla/.m2/repository/org/apache/logging/log4j/log4j-api/2.21.1/log4j-api-2.21.1.jar:/Users/nagaanveshkunuguntla/.m2/repository/org/slf4j/jul-to-slf4j/2.0.9/jul-to-slf4j-2.0.9.jar:/Users/nagaanveshkunuguntla/.m2/repository/jakarta/annotation/jakarta.annotation-api/2.1.1/jakarta.annotation-api-2.1.1.jar:/Users/nagaanveshkunuguntla/.m2/repository/org/yaml/snakeyaml/2.2/snakeyaml-2.2.jar:/Users/nagaanveshkunuguntla/.m2/repository/org/mongodb/mongodb-driver-sync/4.11.1/mongodb-driver-sync-4.11.1.jar:/Users/nagaanveshkunuguntla/.m2/repository/org/mongodb/bson/4.11.1/bson-4.11.1.jar:/Users/nagaanveshkunuguntla/.m2/repository/org/mongodb/mongodb-driver-core/4.11.1/mongodb-driver-core-4.11.1.jar:/Users/nagaanveshkunuguntla/.m2/repository/org/mongodb/bson-record-codec/4.11.1/bson-record-codec-4.11.1.jar:/Users/nagaanveshkunuguntla/.m2/repository/org/springframework/data/spring-data-mongodb/4.2.0/spring-data-mongodb-4.2.0.jar:/Users/nagaanveshkunuguntla/.m2/repository/org/springframework/spring-tx/6.1.1/spring-tx-6.1.1.jar:/Users/nagaanveshkunuguntla/.m2/repository/org/springframework/spring-context/6.1.1/spring-context-6.1.1.jar:/Users/nagaanveshkunuguntla/.m2/repository/org/springframework/spring-beans/6.1.1/spring-beans-6.1.1.jar:/Users/nagaanveshkunuguntla/.m2/repository/org/springframework/spring-expression/6.1.1/spring-expression-6.1.1.jar:/Users/nagaanveshkunuguntla/.m2/repository/org/springframework/data/spring-data-commons/3.2.0/spring-data-commons-3.2.0.jar:/Users/nagaanveshkunuguntla/.m2/repository/org/slf4j/slf4j-api/2.0.9/slf4j-api-2.0.9.jar:/Users/nagaanveshkunuguntla/.m2/repository/org/springframework/boot/spring-boot-starter-web/3.2.0/spring-boot-starter-web-3.2.0.jar:/Users/nagaanveshkunuguntla/.m2/repository/org/springframework/boot/spring-boot-starter-json/3.2.0/spring-boot-starter-json-3.2.0.jar:/Users/nagaanveshkunuguntla/.m2/repository/com/fasterxml/jackson/core/jackson-databind/2.15.3/jackson-databind-2.15.3.jar:/Users/nagaanveshkunuguntla/.m2/repository/com/fasterxml/jackson/datatype/jackson-datatype-jdk8/2.15.3/jackson-datatype-jdk8-2.15.3.jar:/Users/nagaanveshkunuguntla/.m2/repository/com/fasterxml/jackson/datatype/jackson-datatype-jsr310/2.15.3/jackson-datatype-jsr310-2.15.3.jar:/Users/nagaanveshkunuguntla/.m2/repository/com/fasterxml/jackson/module/jackson-module-parameter-names/2.15.3/jackson-module-parameter-names-2.15.3.jar:/Users/nagaanveshkunuguntla/.m2/repository/org/springframework/boot/spring-boot-starter-tomcat/3.2.0/spring-boot-starter-tomcat-3.2.0.jar:/Users/nagaanveshkunuguntla/.m2/repository/org/apache/tomcat/embed/tomcat-embed-core/10.1.16/tomcat-embed-core-10.1.16.jar:/Users/nagaanveshkunuguntla/.m2/repository/org/apache/tomcat/embed/tomcat-embed-el/10.1.16/tomcat-embed-el-10.1.16.jar:/Users/nagaanveshkunuguntla/.m2/repository/org/apache/tomcat/embed/tomcat-embed-websocket/10.1.16/tomcat-embed-websocket-10.1.16.jar:/Users/nagaanveshkunuguntla/.m2/repository/org/springframework/spring-web/6.1.1/spring-web-6.1.1.jar:/Users/nagaanveshkunuguntla/.m2/repository/io/micrometer/micrometer-observation/1.12.0/micrometer-observation-1.12.0.jar:/Users/nagaanveshkunuguntla/.m2/repository/io/micrometer/micrometer-commons/1.12.0/micrometer-commons-1.12.0.jar:/Users/nagaanveshkunuguntla/.m2/repository/org/springframework/spring-webmvc/6.1.1/spring-webmvc-6.1.1.jar:/Users/nagaanveshkunuguntla/.m2/repository/org/springframework/spring-aop/6.1.1/spring-aop-6.1.1.jar:/Users/nagaanveshkunuguntla/.m2/repository/org/projectlombok/lombok/1.18.30/lombok-1.18.30.jar:/Users/nagaanveshkunuguntla/.m2/repository/org/springframework/boot/spring-boot-starter-test/3.2.0/spring-boot-starter-test-3.2.0.jar:/Users/nagaanveshkunuguntla/.m2/repository/org/springframework/boot/spring-boot-test/3.2.0/spring-boot-test-3.2.0.jar:/Users/nagaanveshkunuguntla/.m2/repository/org/springframework/boot/spring-boot-test-autoconfigure/3.2.0/spring-boot-test-autoconfigure-3.2.0.jar:/Users/nagaanveshkunuguntla/.m2/repository/com/jayway/jsonpath/json-path/2.8.0/json-path-2.8.0.jar:/Users/nagaanveshkunuguntla/.m2/repository/jakarta/xml/bind/jakarta.xml.bind-api/4.0.1/jakarta.xml.bind-api-4.0.1.jar:/Users/nagaanveshkunuguntla/.m2/repository/jakarta/activation/jakarta.activation-api/2.1.2/jakarta.activation-api-2.1.2.jar:/Users/nagaanveshkunuguntla/.m2/repository/net/minidev/json-smart/2.5.0/json-smart-2.5.0.jar:/Users/nagaanveshkunuguntla/.m2/repository/net/minidev/accessors-smart/2.5.0/accessors-smart-2.5.0.jar:/Users/nagaanveshkunuguntla/.m2/repository/org/ow2/asm/asm/9.3/asm-9.3.jar:/Users/nagaanveshkunuguntla/.m2/repository/org/assertj/assertj-core/3.24.2/assertj-core-3.24.2.jar:/Users/nagaanveshkunuguntla/.m2/repository/net/bytebuddy/byte-buddy/1.14.10/byte-buddy-1.14.10.jar:/Users/nagaanveshkunuguntla/.m2/repository/org/awaitility/awaitility/4.2.0/awaitility-4.2.0.jar:/Users/nagaanveshkunuguntla/.m2/repository/org/hamcrest/hamcrest/2.2/hamcrest-2.2.jar:/Users/nagaanveshkunuguntla/.m2/repository/org/junit/jupiter/junit-jupiter/5.10.1/junit-jupiter-5.10.1.jar:/Users/nagaanveshkunuguntla/.m2/repository/org/junit/jupiter/junit-jupiter-api/5.10.1/junit-jupiter-api-5.10.1.jar:/Users/nagaanveshkunuguntla/.m2/repository/org/opentest4j/opentest4j/1.3.0/opentest4j-1.3.0.jar:/Users/nagaanveshkunuguntla/.m2/repository/org/junit/platform/junit-platform-commons/1.10.1/junit-platform-commons-1.10.1.jar:/Users/nagaanveshkunuguntla/.m2/repository/org/apiguardian/apiguardian-api/1.1.2/apiguardian-api-1.1.2.jar:/Users/nagaanveshkunuguntla/.m2/repository/org/junit/jupiter/junit-jupiter-params/5.10.1/junit-jupiter-params-5.10.1.jar:/Users/nagaanveshkunuguntla/.m2/repository/org/junit/jupiter/junit-jupiter-engine/5.10.1/junit-jupiter-engine-5.10.1.jar:/Users/nagaanveshkunuguntla/.m2/repository/org/junit/platform/junit-platform-engine/1.10.1/junit-platform-engine-1.10.1.jar:/Users/nagaanveshkunuguntla/.m2/repository/org/mockito/mockito-core/5.7.0/mockito-core-5.7.0.jar:/Users/nagaanveshkunuguntla/.m2/repository/net/bytebuddy/byte-buddy-agent/1.14.10/byte-buddy-agent-1.14.10.jar:/Users/nagaanveshkunuguntla/.m2/repository/org/objenesis/objenesis/3.3/objenesis-3.3.jar:/Users/nagaanveshkunuguntla/.m2/repository/org/mockito/mockito-junit-jupiter/5.7.0/mockito-junit-jupiter-5.7.0.jar:/Users/nagaanveshkunuguntla/.m2/repository/org/skyscreamer/jsonassert/1.5.1/jsonassert-1.5.1.jar:/Users/nagaanveshkunuguntla/.m2/repository/com/vaadin/external/google/android-json/0.0.20131108.vaadin1/android-json-0.0.20131108.vaadin1.jar:/Users/nagaanveshkunuguntla/.m2/repository/org/springframework/spring-core/6.1.1/spring-core-6.1.1.jar:/Users/nagaanveshkunuguntla/.m2/repository/org/springframework/spring-jcl/6.1.1/spring-jcl-6.1.1.jar:/Users/nagaanveshkunuguntla/.m2/repository/org/springframework/spring-test/6.1.1/spring-test-6.1.1.jar:/Users/nagaanveshkunuguntla/.m2/repository/org/xmlunit/xmlunit-core/2.9.1/xmlunit-core-2.9.1.jar:/Users/nagaanveshkunuguntla/.m2/repository/org/testcontainers/junit-jupiter/1.19.3/junit-jupiter-1.19.3.jar:/Users/nagaanveshkunuguntla/.m2/repository/org/testcontainers/testcontainers/1.19.3/testcontainers-1.19.3.jar:/Users/nagaanveshkunuguntla/.m2/repository/junit/junit/4.13.2/junit-4.13.2.jar:/Users/nagaanveshkunuguntla/.m2/repository/org/hamcrest/hamcrest-core/2.2/hamcrest-core-2.2.jar:/Users/nagaanveshkunuguntla/.m2/repository/org/apache/commons/commons-compress/1.24.0/commons-compress-1.24.0.jar:/Users/nagaanveshkunuguntla/.m2/repository/org/rnorth/duct-tape/duct-tape/1.0.8/duct-tape-1.0.8.jar:/Users/nagaanveshkunuguntla/.m2/repository/org/jetbrains/annotations/17.0.0/annotations-17.0.0.jar:/Users/nagaanveshkunuguntla/.m2/repository/com/github/docker-java/docker-java-api/3.3.4/docker-java-api-3.3.4.jar:/Users/nagaanveshkunuguntla/.m2/repository/com/github/docker-java/docker-java-transport-zerodep/3.3.4/docker-java-transport-zerodep-3.3.4.jar:/Users/nagaanveshkunuguntla/.m2/repository/com/github/docker-java/docker-java-transport/3.3.4/docker-java-transport-3.3.4.jar:/Users/nagaanveshkunuguntla/.m2/repository/net/java/dev/jna/jna/5.13.0/jna-5.13.0.jar:/Users/nagaanveshkunuguntla/.m2/repository/org/testcontainers/mongodb/1.19.3/mongodb-1.19.3.jar:/Users/nagaanveshkunuguntla/.m2/repository/org/springframework/cloud/spring-cloud-starter-netflix-eureka-client/3.1.2/spring-cloud-starter-netflix-eureka-client-3.1.2.jar:/Users/nagaanveshkunuguntla/.m2/repository/org/springframework/cloud/spring-cloud-starter/3.1.2/spring-cloud-starter-3.1.2.jar:/Users/nagaanveshkunuguntla/.m2/repository/org/springframework/cloud/spring-cloud-context/3.1.2/spring-cloud-context-3.1.2.jar:/Users/nagaanveshkunuguntla/.m2/repository/org/springframework/security/spring-security-crypto/6.2.0/spring-security-crypto-6.2.0.jar:/Users/nagaanveshkunuguntla/.m2/repository/org/springframework/cloud/spring-cloud-commons/3.1.2/spring-cloud-commons-3.1.2.jar:/Users/nagaanveshkunuguntla/.m2/repository/org/springframework/security/spring-security-rsa/1.0.10.RELEASE/spring-security-rsa-1.0.10.RELEASE.jar:/Users/nagaanveshkunuguntla/.m2/repository/org/bouncycastle/bcpkix-jdk15on/1.68/bcpkix-jdk15on-1.68.jar:/Users/nagaanveshkunuguntla/.m2/repository/org/bouncycastle/bcprov-jdk15on/1.68/bcprov-jdk15on-1.68.jar:/Users/nagaanveshkunuguntla/.m2/repository/org/springframework/cloud/spring-cloud-netflix-eureka-client/3.1.2/spring-cloud-netflix-eureka-client-3.1.2.jar:/Users/nagaanveshkunuguntla/.m2/repository/com/netflix/eureka/eureka-client/1.10.17/eureka-client-1.10.17.jar:/Users/nagaanveshkunuguntla/.m2/repository/com/netflix/netflix-commons/netflix-eventbus/0.3.0/netflix-eventbus-0.3.0.jar:/Users/nagaanveshkunuguntla/.m2/repository/com/netflix/netflix-commons/netflix-infix/0.3.0/netflix-infix-0.3.0.jar:/Users/nagaanveshkunuguntla/.m2/repository/commons-jxpath/commons-jxpath/1.3/commons-jxpath-1.3.jar:/Users/nagaanveshkunuguntla/.m2/repository/joda-time/joda-time/2.3/joda-time-2.3.jar:/Users/nagaanveshkunuguntla/.m2/repository/org/antlr/antlr-runtime/3.4/antlr-runtime-3.4.jar:/Users/nagaanveshkunuguntla/.m2/repository/org/antlr/stringtemplate/3.2.1/stringtemplate-3.2.1.jar:/Users/nagaanveshkunuguntla/.m2/repository/antlr/antlr/2.7.7/antlr-2.7.7.jar:/Users/nagaanveshkunuguntla/.m2/repository/com/google/code/gson/gson/2.10.1/gson-2.10.1.jar:/Users/nagaanveshkunuguntla/.m2/repository/org/apache/commons/commons-math/2.2/commons-math-2.2.jar:/Users/nagaanveshkunuguntla/.m2/repository/com/thoughtworks/xstream/xstream/1.4.18/xstream-1.4.18.jar:/Users/nagaanveshkunuguntla/.m2/repository/io/github/x-stream/mxparser/1.2.2/mxparser-1.2.2.jar:/Users/nagaanveshkunuguntla/.m2/repository/xmlpull/xmlpull/1.1.3.1/xmlpull-1.1.3.1.jar:/Users/nagaanveshkunuguntla/.m2/repository/javax/ws/rs/jsr311-api/1.1.1/jsr311-api-1.1.1.jar:/Users/nagaanveshkunuguntla/.m2/repository/com/netflix/servo/servo-core/0.12.21/servo-core-0.12.21.jar:/Users/nagaanveshkunuguntla/.m2/repository/com/google/guava/guava/19.0/guava-19.0.jar:/Users/nagaanveshkunuguntla/.m2/repository/org/apache/httpcomponents/httpclient/4.5.3/httpclient-4.5.3.jar:/Users/nagaanveshkunuguntla/.m2/repository/org/apache/httpcomponents/httpcore/4.4.16/httpcore-4.4.16.jar:/Users/nagaanveshkunuguntla/.m2/repository/commons-codec/commons-codec/1.16.0/commons-codec-1.16.0.jar:/Users/nagaanveshkunuguntla/.m2/repository/commons-configuration/commons-configuration/1.10/commons-configuration-1.10.jar:/Users/nagaanveshkunuguntla/.m2/repository/commons-lang/commons-lang/2.6/commons-lang-2.6.jar:/Users/nagaanveshkunuguntla/.m2/repository/com/google/inject/guice/4.1.0/guice-4.1.0.jar:/Users/nagaanveshkunuguntla/.m2/repository/javax/inject/javax.inject/1/javax.inject-1.jar:/Users/nagaanveshkunuguntla/.m2/repository/com/fasterxml/jackson/core/jackson-annotations/2.15.3/jackson-annotations-2.15.3.jar:/Users/nagaanveshkunuguntla/.m2/repository/com/fasterxml/jackson/core/jackson-core/2.15.3/jackson-core-2.15.3.jar:/Users/nagaanveshkunuguntla/.m2/repository/org/codehaus/jettison/jettison/1.4.0/jettison-1.4.0.jar:/Users/nagaanveshkunuguntla/.m2/repository/com/netflix/eureka/eureka-core/1.10.17/eureka-core-1.10.17.jar:/Users/nagaanveshkunuguntla/.m2/repository/com/fasterxml/woodstox/woodstox-core/6.2.1/woodstox-core-6.2.1.jar:/Users/nagaanveshkunuguntla/.m2/repository/org/codehaus/woodstox/stax2-api/4.2.1/stax2-api-4.2.1.jar:/Users/nagaanveshkunuguntla/.m2/repository/org/springframework/cloud/spring-cloud-starter-loadbalancer/3.1.2/spring-cloud-starter-loadbalancer-3.1.2.jar:/Users/nagaanveshkunuguntla/.m2/repository/org/springframework/cloud/spring-cloud-loadbalancer/3.1.2/spring-cloud-loadbalancer-3.1.2.jar:/Users/nagaanveshkunuguntla/.m2/repository/io/projectreactor/reactor-core/3.6.0/reactor-core-3.6.0.jar:/Users/nagaanveshkunuguntla/.m2/repository/org/reactivestreams/reactive-streams/1.0.4/reactive-streams-1.0.4.jar:/Users/nagaanveshkunuguntla/.m2/repository/io/projectreactor/addons/reactor-extra/3.5.1/reactor-extra-3.5.1.jar:/Users/nagaanveshkunuguntla/.m2/repository/org/springframework/boot/spring-boot-starter-cache/3.2.0/spring-boot-starter-cache-3.2.0.jar:/Users/nagaanveshkunuguntla/.m2/repository/org/springframework/spring-context-support/6.1.1/spring-context-support-6.1.1.jar:/Users/nagaanveshkunuguntla/.m2/repository/com/stoyanr/evictor/1.0.0/evictor-1.0.0.jar:"/>
    <property name="sun.cpu.endian" value="little"/>
    <property name="user.home" value="/Users/nagaanveshkunuguntla"/>
    <property name="user.language" value="en"/>
    <property name="java.specification.vendor" value="Oracle Corporation"/>
    <property name="java.version.date" value="2022-10-18"/>
    <property name="java.home" value="/Users/nagaanveshkunuguntla/Library/Java/JavaVirtualMachines/openjdk-19.0.1/Contents/Home"/>
    <property name="file.separator" value="/"/>
    <property name="basedir" value="/Users/nagaanveshkunuguntla/Desktop/JavaProjects/EcomShopping-Microservices/product-service"/>
    <property name="java.vm.compressedOopsMode" value="Zero based"/>
    <property name="line.separator" value="&#10;"/>
    <property name="java.vm.specification.vendor" value="Oracle Corporation"/>
    <property name="java.specification.name" value="Java Platform API Specification"/>
    <property name="FILE_LOG_CHARSET" value="UTF-8"/>
    <property name="java.awt.headless" value="true"/>
    <property name="apple.awt.application.name" value="ForkedBooter"/>
    <property name="surefire.real.class.path" value="/Users/nagaanveshkunuguntla/Desktop/JavaProjects/EcomShopping-Microservices/product-service/target/surefire/surefirebooter-20231205163343204_11.jar"/>
    <property name="sun.management.compiler" value="HotSpot 64-Bit Tiered Compilers"/>
    <property name="ftp.nonProxyHosts" value="local|*.local|169.254/16|*.169.254/16"/>
    <property name="java.runtime.version" value="19.0.1+10-21"/>
    <property name="user.name" value="nagaanveshkunuguntla"/>
    <property name="stdout.encoding" value="UTF-8"/>
    <property name="path.separator" value=":"/>
    <property name="os.version" value="14.1.1"/>
    <property name="java.runtime.name" value="OpenJDK Runtime Environment"/>
    <property name="file.encoding" value="UTF-8"/>
    <property name="java.vm.name" value="OpenJDK 64-Bit Server VM"/>
    <property name="localRepository" value="/Users/nagaanveshkunuguntla/.m2/repository"/>
    <property name="java.vendor.url.bug" value="https://bugreport.java.com/bugreport/"/>
    <property name="java.io.tmpdir" value="/var/folders/lt/hkm2jn857kq7c2tqmgx156080000gn/T/"/>
    <property name="idea.version" value="2023.1.5"/>
    <property name="java.version" value="19.0.1"/>
    <property name="user.dir" value="/Users/nagaanveshkunuguntla/Desktop/JavaProjects/EcomShopping-Microservices/product-service"/>
    <property name="os.arch" value="aarch64"/>
    <property name="java.vm.specification.name" value="Java Virtual Machine Specification"/>
    <property name="PID" value="33634"/>
    <property name="CONSOLE_LOG_CHARSET" value="UTF-8"/>
    <property name="native.encoding" value="UTF-8"/>
    <property name="java.library.path" value="/Users/nagaanveshkunuguntla/Library/Java/Extensions:/Library/Java/Extensions:/Network/Library/Java/Extensions:/System/Library/Java/Extensions:/usr/lib/java:."/>
    <property name="java.vm.info" value="mixed mode, sharing"/>
    <property name="stderr.encoding" value="UTF-8"/>
    <property name="java.vendor" value="Oracle Corporation"/>
    <property name="java.vm.version" value="19.0.1+10-21"/>
    <property name="sun.io.unicode.encoding" value="UnicodeBig"/>
    <property name="socksNonProxyHosts" value="local|*.local|169.254/16|*.169.254/16"/>
    <property name="java.class.version" value="63.0"/>
  </properties>
  <testcase name="shouldGetTheProduct" classname="com.shopping.productservice.ProductServiceApplicationTests" time="0.587">
    <system-out><![CDATA[16:33:43.549 [main] INFO org.springframework.test.context.support.AnnotationConfigContextLoaderUtils -- Could not detect default configuration classes for test class [com.shopping.productservice.ProductServiceApplicationTests]: ProductServiceApplicationTests does not declare any static, non-private, non-final, nested classes annotated with @Configuration.
16:33:43.637 [main] INFO org.springframework.boot.test.context.SpringBootTestContextBootstrapper -- Found @SpringBootConfiguration com.shopping.productservice.ProductServiceApplication for test class com.shopping.productservice.ProductServiceApplicationTests
16:33:43.690 [main] INFO org.testcontainers.images.PullPolicy -- Image pull policy will be performed by: DefaultPullPolicy()
16:33:43.691 [main] INFO org.testcontainers.utility.ImageNameSubstitutor -- Image name substitution will be performed by: DefaultImageNameSubstitutor (composite of 'ConfigurationFileImageNameSubstitutor' and 'PrefixingImageNameSubstitutor')
16:33:43.802 [main] INFO org.testcontainers.dockerclient.DockerClientProviderStrategy -- Loaded org.testcontainers.dockerclient.UnixSocketClientProviderStrategy from ~/.testcontainers.properties, will try it first
16:33:44.159 [main] INFO org.testcontainers.dockerclient.DockerClientProviderStrategy -- Found Docker environment with local Unix socket (unix:///var/run/docker.sock)
16:33:44.160 [main] INFO org.testcontainers.DockerClientFactory -- Docker host IP address is localhost
16:33:44.184 [main] INFO org.testcontainers.DockerClientFactory -- Connected to docker: 
  Server Version: 20.10.12
  API Version: 1.41
  Operating System: Docker Desktop
  Total Memory: 1988 MB
16:33:44.206 [main] INFO tc.testcontainers/ryuk:0.5.1 -- Creating container for image: testcontainers/ryuk:0.5.1
16:33:44.446 [main] INFO tc.testcontainers/ryuk:0.5.1 -- Container testcontainers/ryuk:0.5.1 is starting: 921ba8559af0b4f01ecff5ee1b752acb854dda29e3f7bb110b534025a3d80499
16:33:45.221 [main] INFO tc.testcontainers/ryuk:0.5.1 -- Container testcontainers/ryuk:0.5.1 started in PT1.015237S
16:33:45.232 [main] INFO org.testcontainers.utility.RyukResourceReaper -- Ryuk started - will monitor and terminate Testcontainers containers on JVM exit
16:33:45.232 [main] INFO org.testcontainers.DockerClientFactory -- Checking the system...
16:33:45.232 [main] INFO org.testcontainers.DockerClientFactory -- ✔︎ Docker server version should be at least 1.6.0
16:33:45.233 [main] INFO tc.mongo:6.0 -- Creating container for image: mongo:6.0
16:33:45.272 [main] INFO tc.mongo:6.0 -- Container mongo:6.0 is starting: 0c9c9e4b29ac1ea22ef6956a9bf7b6a969df90888c8a941481681fb1a2361057
16:33:46.575 [main] INFO tc.mongo:6.0 -- Container mongo:6.0 started in PT1.342541S

  .   ____          _            __ _ _
 /\\ / ___'_ __ _ _(_)_ __  __ _ \ \ \ \
( ( )\___ | '_ | '_| | '_ \/ _` | \ \ \ \
 \\/  ___)| |_)| | | | | || (_| |  ) ) ) )
  '  |____| .__|_| |_|_| |_\__, | / / / /
 =========|_|==============|___/=/_/_/_/
 :: Spring Boot ::                (v3.2.0)

2023-12-05T16:33:48.287-08:00  INFO 33634 --- [           main] c.s.p.ProductServiceApplicationTests     : Starting ProductServiceApplicationTests using Java 19.0.1 with PID 33634 (started by nagaanveshkunuguntla in /Users/nagaanveshkunuguntla/Desktop/JavaProjects/EcomShopping-Microservices/product-service)
2023-12-05T16:33:48.288-08:00  INFO 33634 --- [           main] c.s.p.ProductServiceApplicationTests     : No active profile set, falling back to 1 default profile: "default"
2023-12-05T16:33:48.528-08:00  INFO 33634 --- [           main] .s.d.r.c.RepositoryConfigurationDelegate : Bootstrapping Spring Data MongoDB repositories in DEFAULT mode.
2023-12-05T16:33:48.594-08:00  INFO 33634 --- [           main] .s.d.r.c.RepositoryConfigurationDelegate : Finished Spring Data repository scanning in 64 ms. Found 1 MongoDB repository interface.
2023-12-05T16:33:48.763-08:00  INFO 33634 --- [           main] org.mongodb.driver.client                : MongoClient with metadata {"driver": {"name": "mongo-java-driver|sync|spring-boot", "version": "4.11.1"}, "os": {"type": "Darwin", "name": "Mac OS X", "architecture": "aarch64", "version": "14.1.1"}, "platform": "Java/Oracle Corporation/19.0.1+10-21"} created with settings MongoClientSettings{readPreference=primary, writeConcern=WriteConcern{w=null, wTimeout=null ms, journal=null}, retryWrites=true, retryReads=true, readConcern=ReadConcern{level=null}, credential=null, transportSettings=null, streamFactoryFactory=null, commandListeners=[], codecRegistry=ProvidersCodecRegistry{codecProviders=[ValueCodecProvider{}, BsonValueCodecProvider{}, DBRefCodecProvider{}, DBObjectCodecProvider{}, DocumentCodecProvider{}, CollectionCodecProvider{}, IterableCodecProvider{}, MapCodecProvider{}, GeoJsonCodecProvider{}, GridFSFileCodecProvider{}, Jsr310CodecProvider{}, JsonObjectCodecProvider{}, BsonCodecProvider{}, EnumCodecProvider{}, com.mongodb.client.model.mql.ExpressionCodecProvider@e154848, com.mongodb.Jep395RecordCodecProvider@16ea0f22, com.mongodb.KotlinCodecProvider@60fc7f43]}, loggerSettings=LoggerSettings{maxDocumentLength=1000}, clusterSettings={hosts=[localhost:27017], srvServiceName=mongodb, mode=SINGLE, requiredClusterType=UNKNOWN, requiredReplicaSetName='null', serverSelector='null', clusterListeners='[]', serverSelectionTimeout='30000 ms', localThreshold='15 ms'}, socketSettings=SocketSettings{connectTimeoutMS=10000, readTimeoutMS=0, receiveBufferSize=0, proxySettings=ProxySettings{host=null, port=null, username=null, password=null}}, heartbeatSocketSettings=SocketSettings{connectTimeoutMS=10000, readTimeoutMS=10000, receiveBufferSize=0, proxySettings=ProxySettings{host=null, port=null, username=null, password=null}}, connectionPoolSettings=ConnectionPoolSettings{maxSize=100, minSize=0, maxWaitTimeMS=120000, maxConnectionLifeTimeMS=0, maxConnectionIdleTimeMS=0, maintenanceInitialDelayMS=0, maintenanceFrequencyMS=60000, connectionPoolListeners=[], maxConnecting=2}, serverSettings=ServerSettings{heartbeatFrequencyMS=10000, minHeartbeatFrequencyMS=500, serverListeners='[]', serverMonitorListeners='[]'}, sslSettings=SslSettings{enabled=false, invalidHostNameAllowed=false, context=null}, applicationName='null', compressorList=[], uuidRepresentation=JAVA_LEGACY, serverApi=null, autoEncryptionSettings=null, dnsClient=null, inetAddressResolver=null, contextProvider=null}
2023-12-05T16:33:48.774-08:00  INFO 33634 --- [localhost:27017] org.mongodb.driver.cluster               : Monitor thread successfully connected to server with description ServerDescription{address=localhost:27017, type=STANDALONE, state=CONNECTED, ok=true, minWireVersion=0, maxWireVersion=21, maxDocumentSize=16777216, logicalSessionTimeoutMinutes=30, roundTripTimeNanos=12040500}
2023-12-05T16:33:49.070-08:00  INFO 33634 --- [           main] o.s.b.t.m.w.SpringBootMockServletContext : Initializing Spring TestDispatcherServlet ''
2023-12-05T16:33:49.070-08:00  INFO 33634 --- [           main] o.s.t.web.servlet.TestDispatcherServlet  : Initializing Servlet ''
2023-12-05T16:33:49.071-08:00  INFO 33634 --- [           main] o.s.t.web.servlet.TestDispatcherServlet  : Completed initialization in 0 ms
2023-12-05T16:33:49.080-08:00  INFO 33634 --- [           main] c.s.p.ProductServiceApplicationTests     : Started ProductServiceApplicationTests in 0.932 seconds (process running for 5.858)
2023-12-05T16:33:49.635-08:00  INFO 33634 --- [           main] c.s.p.services.ProductService            : Product 656fc16d4e4a64570bab1707 saved successfully
2023-12-05T16:33:49.655-08:00  INFO 33634 --- [           main] c.s.p.services.ProductService            : Fetched 1 products from DB
]]></system-out>
  </testcase>
  <testcase name="shouldCreateProduct" classname="com.shopping.productservice.ProductServiceApplicationTests" time="0.018">
    <system-out><![CDATA[2023-12-05T16:33:49.686-08:00  INFO 33634 --- [           main] c.s.p.services.ProductService            : Product 656fc16d4e4a64570bab1708 saved successfully
]]></system-out>
  </testcase>
</testsuite>